<?xml version="1.0"?>
<component name="org.nuxeo.ecm.platform.ui.web.auth.loginScreenConfig">

  <extension
    target="org.nuxeo.ecm.platform.ui.web.auth.service.PluggableAuthenticationService"
    point="loginScreen">

    <loginScreenConfig>

      <newsIframeUrl>someurl</newsIframeUrl>
      <headerStyle>#CCCCCC</headerStyle>
      <footerStyle>Something</footerStyle>
      <bodyBackgroundStyle>url("${org.nuxeo.ecm.contextPath}/img/login_bg.png")
        repeat scroll bottom left #cadfc0;
      </bodyBackgroundStyle>

      <loginVideos muted="true" loop="false">
        <loginVideo src="https://dummy/video.mp4" type="webm" />
        <loginVideo src="https://dummy2/video.mp4" type="webm" />
      </loginVideos>
      <loginProviders>
        <loginProvider name="google">
          <iconPath>nuxeo.war/img/google.png</iconPath>
          <link>XXXX</link>
          <description>YYYYY</description>
        </loginProvider>
        <loginProvider name="facebook">
          <iconPath>nuxeo/img/fb.png</iconPath>
          <link>XXXX</link>
          <description>YYYYY</description>
        </loginProvider>
        <loginProvider name="linkedin">
          <iconPath>nuxeo/img/li.png</iconPath>
          <link>XXXX</link>
          <description>YYYYY</description>
        </loginProvider>
      </loginProviders>
    </loginScreenConfig>

  </extension>

</component>
