<?xml version="1.0"?>
<component name="org.nuxeo.ecm.core.storage.sql.test.repo.override.indexing">
  <extension target="org.nuxeo.ecm.core.storage.sql.RepositoryService"
    point="repository">
    <repository name="test">
      <indexing>
        <fulltext>
          <index name="binaries">
            <fieldType>blob</fieldType>
          </index>
        </fulltext>
      </indexing>
    </repository>
  </extension>
</component>
