<component name="org.nuxeo.ecm.core.test.queuing">

  <extension target="org.nuxeo.ecm.core.work.service" point="implementation">
    <queuing class="org.nuxeo.ecm.core.test.TestWorkQueuing" />
  </extension>
  
</component>