<?xml version="1.0"?>
<component name="org.nuxeo.ecm.login.token.directory.contrib.test">

  <extension target="org.nuxeo.ecm.directory.sql.SQLDirectoryFactory"
    point="directories">

    <directory name="authTokens">

      <dbDriver>${nuxeo.test.vcs.driver}</dbDriver>
      <dbUrl>${nuxeo.test.vcs.url}</dbUrl>
      <dbUser>${nuxeo.test.vcs.user}</dbUser>
      <dbPassword>${nuxeo.test.vcs.password}</dbPassword>

      <schema>authtoken</schema>
      <table>auth_tokens</table>
      <idField>token</idField>
      <autoincrementIdField>false</autoincrementIdField>
      <createTablePolicy>on_missing_columns</createTablePolicy>
      <!-- Set cache to 5 minutes -->
      <cacheTimeout>300</cacheTimeout>
      <cacheMaxSize>1000</cacheMaxSize>
    </directory>

  </extension>
</component>
